TN:
SF:src/checkerAcl.ts
FNF:6
FNH:6
DA:1,72
DA:2,47
DA:18,1
DA:20,21
DA:21,235
DA:25,14
DA:26,104
DA:29,27
DA:30,34
DA:31,67
DA:32,47
DA:33,7
DA:34,53
DA:35,43
DA:36,4
DA:37,69
DA:38,77
DA:40,80
DA:41,67
DA:42,146
DA:43,75
DA:44,7
DA:45,9
DA:47,13
DA:49,36
DA:50,73
DA:51,67
DA:52,57
DA:53,9
DA:54,82
DA:55,38
DA:58,2
DA:60,66
DA:63,61
DA:64,72
DA:65,72
DA:67,111
DA:68,37
DA:69,3
DA:71,82
DA:72,158
DA:74,2
LF:75
LH:42
end_of_record
TN:
SF:src/index.ts
FNF:2
FNH:2
DA:1,52
DA:4,38
DA:7,4
DA:8,7
DA:9,23
DA:10,65
DA:11,0
DA:12,0
DA:13,2
DA:17,32
DA:19,20
LF:20
LH:9
end_of_record
